
=== Starting Conditor-Bot ===
Command: c:\Users\brodr\OneDrive\Documents\PsyvrseBots\.venv\Scripts\python.exe C:\Users\brodr\OneDrive\Documents\PsyvrseBots\Conditor-Bot\main.py --run
[Conditor-Bot] 2026-01-26 00:45:46,969 WARNING discord.client: PyNaCl is not installed, voice will NOT be supported
[Conditor-Bot] [2026-01-26 00:45:46] [INFO    ] discord.client: logging in using static token
[Conditor-Bot] 2026-01-26 00:45:46,971 INFO discord.client: logging in using static token
[Conditor-Bot] 2026-01-26 00:45:47,178 ERROR root: Bot terminated with an exception
[Conditor-Bot] Traceback (most recent call last):
[Conditor-Bot]   File "c:\Users\brodr\OneDrive\Documents\PsyvrseBots\.venv\Lib\site-packages\discord\http.py", line 839, in static_login
[Conditor-Bot]     data = await self.request(Route('GET', '/users/@me'))
[Conditor-Bot]            ^^^^^^^^^^^^^^^^^^^^^^^^^^^^^^^^^^^^^^^^^^^^^^
[Conditor-Bot]   File "c:\Users\brodr\OneDrive\Documents\PsyvrseBots\.venv\Lib\site-packages\discord\http.py", line 773, in request
[Conditor-Bot]     raise HTTPException(response, data)
[Conditor-Bot] discord.errors.HTTPException: 401 Unauthorized (error code: 0): 401: Unauthorized
[Conditor-Bot] 
[Conditor-Bot] The above exception was the direct cause of the following exception:
[Conditor-Bot] 
[Conditor-Bot] Traceback (most recent call last):
[Conditor-Bot]   File "C:\Users\brodr\OneDrive\Documents\PsyvrseBots\Conditor-Bot\main.py", line 84, in run_bot
[Conditor-Bot]     bot.run(token)
[Conditor-Bot]     ~~~~~~~^^^^^^^
[Conditor-Bot]   File "c:\Users\brodr\OneDrive\Documents\PsyvrseBots\.venv\Lib\site-packages\discord\client.py", line 929, in run
[Conditor-Bot]     asyncio.run(runner())
[Conditor-Bot]     ~~~~~~~~~~~^^^^^^^^^^
[Conditor-Bot]   File "C:\Python314\Lib\asyncio\runners.py", line 204, in run
[Conditor-Bot]     return runner.run(main)
[Conditor-Bot]            ~~~~~~~~~~^^^^^^
[Conditor-Bot]   File "C:\Python314\Lib\asyncio\runners.py", line 127, in run
[Conditor-Bot]     return self._loop.run_until_complete(task)
[Conditor-Bot]            ~~~~~~~~~~~~~~~~~~~~~~~~~~~~~^^^^^^
[Conditor-Bot]   File "C:\Python314\Lib\asyncio\base_events.py", line 719, in run_until_complete
[Conditor-Bot]     return future.result()
[Conditor-Bot]            ~~~~~~~~~~~~~^^
[Conditor-Bot]   File "c:\Users\brodr\OneDrive\Documents\PsyvrseBots\.venv\Lib\site-packages\discord\client.py", line 918, in runner
[Conditor-Bot]     await self.start(token, reconnect=reconnect)
[Conditor-Bot]   File "c:\Users\brodr\OneDrive\Documents\PsyvrseBots\.venv\Lib\site-packages\discord\client.py", line 846, in start
[Conditor-Bot]     await self.login(token)
[Conditor-Bot]   File "c:\Users\brodr\OneDrive\Documents\PsyvrseBots\.venv\Lib\site-packages\discord\client.py", line 675, in login
[Conditor-Bot]     data = await self.http.static_login(token)
[Conditor-Bot]            ^^^^^^^^^^^^^^^^^^^^^^^^^^^^^^^^^^^
[Conditor-Bot]   File "c:\Users\brodr\OneDrive\Documents\PsyvrseBots\.venv\Lib\site-packages\discord\http.py", line 843, in static_login
[Conditor-Bot]     raise LoginFailure('Improper token has been passed.') from exc
[Conditor-Bot] discord.errors.LoginFailure: Improper token has been passed.

=== Starting Sonus-Bot ===
Command: c:\Users\brodr\OneDrive\Documents\PsyvrseBots\.venv\Scripts\python.exe C:\Users\brodr\OneDrive\Documents\PsyvrseBots\Sonus-Bot\main.py
[Sonus-Bot] 2026-01-26 00:45:52,577 | INFO | src.bot | Registered event module: src.events.interaction_create
[Sonus-Bot] 2026-01-26 00:45:52,578 | INFO | src.bot | Registered event module: src.events.ready
[Sonus-Bot] 2026-01-26 00:45:52,579 | INFO | src.bot | Registered event module: src.events.voice_state_update
[Sonus-Bot] Traceback (most recent call last):
[Sonus-Bot]   File "c:\Users\brodr\OneDrive\Documents\PsyvrseBots\.venv\Lib\site-packages\discord\http.py", line 839, in static_login
[Sonus-Bot]     data = await self.request(Route('GET', '/users/@me'))
[Sonus-Bot]            ^^^^^^^^^^^^^^^^^^^^^^^^^^^^^^^^^^^^^^^^^^^^^^
[Sonus-Bot]   File "c:\Users\brodr\OneDrive\Documents\PsyvrseBots\.venv\Lib\site-packages\discord\http.py", line 773, in request
[Sonus-Bot]     raise HTTPException(response, data)
[Sonus-Bot] discord.errors.HTTPException: 401 Unauthorized (error code: 0): 401: Unauthorized
[Sonus-Bot] 
[Sonus-Bot] The above exception was the direct cause of the following exception:
[Sonus-Bot] 
[Sonus-Bot] Traceback (most recent call last):
[Sonus-Bot]   File "C:\Users\brodr\OneDrive\Documents\PsyvrseBots\Sonus-Bot\main.py", line 14, in <module>
[Sonus-Bot]     asyncio.run(main())
[Sonus-Bot]     ~~~~~~~~~~~^^^^^^^^
[Sonus-Bot]   File "C:\Python314\Lib\asyncio\runners.py", line 204, in run
[Sonus-Bot]     return runner.run(main)
[Sonus-Bot]            ~~~~~~~~~~^^^^^^
[Sonus-Bot]   File "C:\Python314\Lib\asyncio\runners.py", line 127, in run
[Sonus-Bot]     return self._loop.run_until_complete(task)
[Sonus-Bot]            ~~~~~~~~~~~~~~~~~~~~~~~~~~~~~^^^^^^
[Sonus-Bot]   File "C:\Python314\Lib\asyncio\base_events.py", line 719, in run_until_complete
[Sonus-Bot]     return future.result()
[Sonus-Bot]            ~~~~~~~~~~~~~^^
[Sonus-Bot]   File "C:\Users\brodr\OneDrive\Documents\PsyvrseBots\Sonus-Bot\main.py", line 10, in main
[Sonus-Bot]     await bot.start(bot.config.TOKEN)
[Sonus-Bot]   File "c:\Users\brodr\OneDrive\Documents\PsyvrseBots\.venv\Lib\site-packages\discord\client.py", line 846, in start
[Sonus-Bot]     await self.login(token)
[Sonus-Bot]   File "c:\Users\brodr\OneDrive\Documents\PsyvrseBots\.venv\Lib\site-packages\discord\client.py", line 675, in login
[Sonus-Bot]     data = await self.http.static_login(token)
[Sonus-Bot]            ^^^^^^^^^^^^^^^^^^^^^^^^^^^^^^^^^^^
[Sonus-Bot]   File "c:\Users\brodr\OneDrive\Documents\PsyvrseBots\.venv\Lib\site-packages\discord\http.py", line 843, in static_login
[Sonus-Bot]     raise LoginFailure('Improper token has been passed.') from exc
[Sonus-Bot] discord.errors.LoginFailure: Improper token has been passed.

=== Starting Villicus-Bot ===
Command: c:\Users\brodr\OneDrive\Documents\PsyvrseBots\.venv\Scripts\python.exe C:\Users\brodr\OneDrive\Documents\PsyvrseBots\Villicus-Bot\main.py
[Villicus-Bot] Traceback (most recent call last):
[Villicus-Bot]   File "C:\Users\brodr\OneDrive\Documents\PsyvrseBots\Villicus-Bot\main.py", line 5, in <module>
[Villicus-Bot]     from bot.bot import start_bot
[Villicus-Bot]   File "C:\Users\brodr\OneDrive\Documents\PsyvrseBots\Villicus-Bot\bot\bot.py", line 6, in <module>
[Villicus-Bot]     from core.config import get_prefix
[Villicus-Bot] ModuleNotFoundError: No module named 'core'

=== Starting Eventus-Bot ===
Command: c:\Users\brodr\OneDrive\Documents\PsyvrseBots\.venv\Scripts\python.exe C:\Users\brodr\OneDrive\Documents\PsyvrseBots\Eventus-Bot\start.py
[Eventus-Bot] [2026-01-26 00:46:04,577] INFO:eventus: Logging initialized at INFO
[Eventus-Bot] [2026-01-26 00:46:04,577] INFO:discord.client: logging in using static token
Task exception was never retrieved
future: <Task finished name='Task-9' coro=<run_bot.<locals>.stream() done, defined at c:\Users\brodr\OneDrive\Documents\PsyvrseBots\main.py:115> exception=UnicodeEncodeError('charmap', '[Eventus-Bot] \u274c Bot crashed: Improper token has been passed.', 14, 15, 'character maps to <undefined>')>
Traceback (most recent call last):
  File "c:\Users\brodr\OneDrive\Documents\PsyvrseBots\main.py", line 118, in stream
    print(f"[{folder.name}] {line.decode().rstrip()}")
    ~~~~~^^^^^^^^^^^^^^^^^^^^^^^^^^^^^^^^^^^^^^^^^^^^^
  File "C:\Python314\Lib\encodings\cp1252.py", line 19, in encode
    return codecs.charmap_encode(input,self.errors,encoding_table)[0]
           ~~~~~~~~~~~~~~~~~~~~~^^^^^^^^^^^^^^^^^^^^^^^^^^^^^^^^^^
UnicodeEncodeError: 'charmap' codec can't encode character '\u274c' in position 14: character maps to <undefined>

=== Starting Pax-Bot ===
Command: c:\Users\brodr\OneDrive\Documents\PsyvrseBots\.venv\Scripts\python.exe C:\Users\brodr\OneDrive\Documents\PsyvrseBots\Pax-Bot\start.py
[Pax-Bot] [Pax-Bot] no runnable entry found in Pax-Bot; nothing to start.

=== Starting Ludus-Bot ===
Command: c:\Users\brodr\OneDrive\Documents\PsyvrseBots\.venv\Scripts\python.exe C:\Users\brodr\OneDrive\Documents\PsyvrseBots\Ludus-Bot\start.py
[Ludus-Bot] [Ludus-Bot] no runnable entry found in Ludus-Bot; nothing to start.
[info] Starting extra folder: PsySource

=== Starting PsySource ===
Command: node C:\Users\brodr\OneDrive\Documents\PsyvrseBots\PsySource\index.js
[PsySource] node:internal/modules/package_json_reader:316
[PsySource]   throw new ERR_MODULE_NOT_FOUND(packageName, fileURLToPath(base), null);
[PsySource]         ^
[PsySource] 
[PsySource] Error [ERR_MODULE_NOT_FOUND]: Cannot find package 'express' imported from C:\Users\brodr\OneDrive\Documents\PsyvrseBots\PsySource\index.js
[PsySource]     at Object.getPackageJSONURL (node:internal/modules/package_json_reader:316:9)
[PsySource]     at packageResolve (node:internal/modules/esm/resolve:768:81)
[PsySource]     at moduleResolve (node:internal/modules/esm/resolve:858:18)
[PsySource]     at defaultResolve (node:internal/modules/esm/resolve:990:11)
[PsySource]     at #cachedDefaultResolve (node:internal/modules/esm/loader:718:20)
[PsySource]     at #resolveAndMaybeBlockOnLoaderThread (node:internal/modules/esm/loader:735:38)
[PsySource]     at ModuleLoader.resolveSync (node:internal/modules/esm/loader:764:52)
[PsySource]     at #resolve (node:internal/modules/esm/loader:700:17)
[PsySource]     at ModuleLoader.getOrCreateModuleJob (node:internal/modules/esm/loader:620:35)
[PsySource]     at ModuleJob.syncLink (node:internal/modules/esm/module_job:143:33) {
[PsySource]   code: 'ERR_MODULE_NOT_FOUND'
[PsySource] }
[PsySource] 
[PsySource] Node.js v24.13.0

All bots launched. Monitoring...

